<?xml version="1.0" encoding="UTF-8"?>
<testng-results ignored="0" total="1" passed="1" failed="0" skipped="0">
  <reporter-output>
  </reporter-output>
  <suite started-at="2025-10-15T18:26:50 IST" name="Default suite" finished-at="2025-10-15T18:26:56 IST" duration-ms="5681">
    <groups>
      <group name="smoke">
        <method signature="Verify_AddManufacturingFunc.verifyAddmanufacturing()[pri:0, instance:com.client.SalesInventory.verifyAddManufacturingFunc.Verify_AddManufacturingFunc@7eac9008]" name="verifyAddmanufacturing" class="com.client.SalesInventory.verifyAddManufacturingFunc.Verify_AddManufacturingFunc"/>
      </group> <!-- smoke -->
    </groups>
    <test started-at="2025-10-15T18:26:50 IST" name="Default test" finished-at="2025-10-15T18:26:56 IST" duration-ms="5681">
      <class name="com.client.SalesInventory.verifyAddManufacturingFunc.Verify_AddManufacturingFunc">
        <test-method is-config="true" signature="beforeSuitConfigMethod()[pri:0, instance:com.client.SalesInventory.verifyAddManufacturingFunc.Verify_AddManufacturingFunc@7eac9008]" started-at="2025-10-15T18:26:50 IST" name="beforeSuitConfigMethod" finished-at="2025-10-15T18:26:50 IST" duration-ms="20" status="PASS">
          <reporter-output>
          </reporter-output>
        </test-method> <!-- beforeSuitConfigMethod -->
        <test-method is-config="true" signature="beforeClassConfigMethod(org.testng.xml.XmlTest)[pri:0, instance:com.client.SalesInventory.verifyAddManufacturingFunc.Verify_AddManufacturingFunc@7eac9008]" started-at="2025-10-15T18:26:50 IST" name="beforeClassConfigMethod" finished-at="2025-10-15T18:26:53 IST" duration-ms="3070" status="PASS">
          <params>
            <param index="0">
              <value>
                <![CDATA[org.testng.xml.XmlTest@327a704f]]>
              </value>
            </param>
          </params>
          <reporter-output>
          </reporter-output>
        </test-method> <!-- beforeClassConfigMethod -->
        <test-method is-config="true" signature="configBM()[pri:0, instance:com.client.SalesInventory.verifyAddManufacturingFunc.Verify_AddManufacturingFunc@7eac9008]" started-at="2025-10-15T18:26:53 IST" name="configBM" finished-at="2025-10-15T18:26:54 IST" duration-ms="717" status="PASS">
          <reporter-output>
          </reporter-output>
        </test-method> <!-- configBM -->
        <test-method signature="verifyAddmanufacturing()[pri:0, instance:com.client.SalesInventory.verifyAddManufacturingFunc.Verify_AddManufacturingFunc@7eac9008]" started-at="2025-10-15T18:26:54 IST" name="verifyAddmanufacturing" finished-at="2025-10-15T18:26:55 IST" duration-ms="1447" status="PASS">
          <reporter-output>
          </reporter-output>
        </test-method> <!-- verifyAddmanufacturing -->
        <test-method is-config="true" signature="configAM()[pri:0, instance:com.client.SalesInventory.verifyAddManufacturingFunc.Verify_AddManufacturingFunc@7eac9008]" started-at="2025-10-15T18:26:55 IST" name="configAM" finished-at="2025-10-15T18:26:55 IST" duration-ms="138" status="PASS">
          <reporter-output>
          </reporter-output>
        </test-method> <!-- configAM -->
        <test-method is-config="true" signature="afterClassConfigMethod()[pri:0, instance:com.client.SalesInventory.verifyAddManufacturingFunc.Verify_AddManufacturingFunc@7eac9008]" started-at="2025-10-15T18:26:55 IST" name="afterClassConfigMethod" finished-at="2025-10-15T18:26:56 IST" duration-ms="239" status="PASS">
          <reporter-output>
          </reporter-output>
        </test-method> <!-- afterClassConfigMethod -->
        <test-method is-config="true" signature="afterSuiteConfigMethod()[pri:0, instance:com.client.SalesInventory.verifyAddManufacturingFunc.Verify_AddManufacturingFunc@7eac9008]" started-at="2025-10-15T18:26:56 IST" name="afterSuiteConfigMethod" finished-at="2025-10-15T18:26:56 IST" duration-ms="1" status="PASS">
          <reporter-output>
          </reporter-output>
        </test-method> <!-- afterSuiteConfigMethod -->
      </class> <!-- com.client.SalesInventory.verifyAddManufacturingFunc.Verify_AddManufacturingFunc -->
    </test> <!-- Default test -->
  </suite> <!-- Default suite -->
</testng-results>
