<?xml version="1.0" encoding="UTF-8"?>
<testng-results ignored="0" total="1" passed="1" failed="0" skipped="0">
  <reporter-output>
  </reporter-output>
  <suite started-at="2025-10-10T13:25:03 IST" name="Default suite" finished-at="2025-10-10T13:25:11 IST" duration-ms="8035">
    <groups>
    </groups>
    <test started-at="2025-10-10T13:25:03 IST" name="Default test" finished-at="2025-10-10T13:25:11 IST" duration-ms="8035">
      <class name="com.client.SalesInventory.Module.SamplAdminTest">
        <test-method is-config="true" signature="beforeSuitConfigMethod()[pri:0, instance:com.client.SalesInventory.Module.SamplAdminTest@1165b38]" started-at="2025-10-10T13:25:03 IST" name="beforeSuitConfigMethod" finished-at="2025-10-10T13:25:03 IST" duration-ms="22" status="PASS">
          <reporter-output>
          </reporter-output>
        </test-method> <!-- beforeSuitConfigMethod -->
        <test-method is-config="true" signature="beforeClassConfigMethod(org.testng.xml.XmlTest)[pri:0, instance:com.client.SalesInventory.Module.SamplAdminTest@1165b38]" started-at="2025-10-10T13:25:03 IST" name="beforeClassConfigMethod" finished-at="2025-10-10T13:25:08 IST" duration-ms="5421" status="PASS">
          <params>
            <param index="0">
              <value>
                <![CDATA[org.testng.xml.XmlTest@3a98f0fb]]>
              </value>
            </param>
          </params>
          <reporter-output>
          </reporter-output>
        </test-method> <!-- beforeClassConfigMethod -->
        <test-method is-config="true" signature="configBM()[pri:0, instance:com.client.SalesInventory.Module.SamplAdminTest@1165b38]" started-at="2025-10-10T13:25:09 IST" name="configBM" finished-at="2025-10-10T13:25:10 IST" duration-ms="1644" status="PASS">
          <reporter-output>
          </reporter-output>
        </test-method> <!-- configBM -->
        <test-method signature="SampleTest()[pri:0, instance:com.client.SalesInventory.Module.SamplAdminTest@1165b38]" started-at="2025-10-10T13:25:10 IST" name="SampleTest" finished-at="2025-10-10T13:25:10 IST" duration-ms="33" status="PASS">
          <reporter-output>
          </reporter-output>
        </test-method> <!-- SampleTest -->
        <test-method is-config="true" signature="configAM()[pri:0, instance:com.client.SalesInventory.Module.SamplAdminTest@1165b38]" started-at="2025-10-10T13:25:10 IST" name="configAM" finished-at="2025-10-10T13:25:11 IST" duration-ms="355" status="PASS">
          <reporter-output>
          </reporter-output>
        </test-method> <!-- configAM -->
        <test-method is-config="true" signature="afterClassConfigMethod()[pri:0, instance:com.client.SalesInventory.Module.SamplAdminTest@1165b38]" started-at="2025-10-10T13:25:11 IST" name="afterClassConfigMethod" finished-at="2025-10-10T13:25:11 IST" duration-ms="424" status="PASS">
          <reporter-output>
          </reporter-output>
        </test-method> <!-- afterClassConfigMethod -->
        <test-method is-config="true" signature="afterSuiteConfigMethod()[pri:0, instance:com.client.SalesInventory.Module.SamplAdminTest@1165b38]" started-at="2025-10-10T13:25:11 IST" name="afterSuiteConfigMethod" finished-at="2025-10-10T13:25:11 IST" duration-ms="0" status="PASS">
          <reporter-output>
          </reporter-output>
        </test-method> <!-- afterSuiteConfigMethod -->
      </class> <!-- com.client.SalesInventory.Module.SamplAdminTest -->
    </test> <!-- Default test -->
  </suite> <!-- Default suite -->
</testng-results>
