<?xml version="1.0" encoding="UTF-8"?>
<testng-results ignored="0" total="1" passed="1" failed="0" skipped="0">
  <reporter-output>
  </reporter-output>
  <suite started-at="2025-10-11T13:26:30 IST" name="Default suite" finished-at="2025-10-11T13:26:34 IST" duration-ms="4780">
    <groups>
    </groups>
    <test started-at="2025-10-11T13:26:30 IST" name="Default test" finished-at="2025-10-11T13:26:34 IST" duration-ms="4780">
      <class name="packagetest.A">
        <test-method is-config="true" signature="beforeSuitConfigMethod()[pri:0, instance:packagetest.A@ba2f4ec]" started-at="2025-10-11T13:26:30 IST" name="beforeSuitConfigMethod" finished-at="2025-10-11T13:26:30 IST" duration-ms="14" status="PASS">
          <reporter-output>
          </reporter-output>
        </test-method> <!-- beforeSuitConfigMethod -->
        <test-method is-config="true" signature="beforeClassConfigMethod(org.testng.xml.XmlTest)[pri:0, instance:packagetest.A@ba2f4ec]" started-at="2025-10-11T13:26:30 IST" name="beforeClassConfigMethod" finished-at="2025-10-11T13:26:33 IST" duration-ms="3004" status="PASS">
          <params>
            <param index="0">
              <value>
                <![CDATA[org.testng.xml.XmlTest@dd5773d6]]>
              </value>
            </param>
          </params>
          <reporter-output>
          </reporter-output>
        </test-method> <!-- beforeClassConfigMethod -->
        <test-method is-config="true" signature="loginAsManufacturer()[pri:0, instance:packagetest.A@ba2f4ec]" started-at="2025-10-11T13:26:33 IST" name="loginAsManufacturer" finished-at="2025-10-11T13:26:33 IST" duration-ms="376" status="PASS">
          <reporter-output>
          </reporter-output>
        </test-method> <!-- loginAsManufacturer -->
        <test-method signature="m1()[pri:0, instance:packagetest.A@ba2f4ec]" started-at="2025-10-11T13:26:33 IST" name="m1" finished-at="2025-10-11T13:26:34 IST" duration-ms="761" status="PASS">
          <reporter-output>
          </reporter-output>
        </test-method> <!-- m1 -->
        <test-method is-config="true" signature="logoutAsManufacturer()[pri:0, instance:packagetest.A@ba2f4ec]" started-at="2025-10-11T13:26:34 IST" name="logoutAsManufacturer" finished-at="2025-10-11T13:26:34 IST" duration-ms="147" status="PASS">
          <reporter-output>
          </reporter-output>
        </test-method> <!-- logoutAsManufacturer -->
        <test-method is-config="true" signature="afterClassConfigMethod()[pri:0, instance:packagetest.A@ba2f4ec]" started-at="2025-10-11T13:26:34 IST" name="afterClassConfigMethod" finished-at="2025-10-11T13:26:34 IST" duration-ms="428" status="PASS">
          <reporter-output>
          </reporter-output>
        </test-method> <!-- afterClassConfigMethod -->
        <test-method is-config="true" signature="afterSuiteConfigMethod()[pri:0, instance:packagetest.A@ba2f4ec]" started-at="2025-10-11T13:26:35 IST" name="afterSuiteConfigMethod" finished-at="2025-10-11T13:26:35 IST" duration-ms="1" status="PASS">
          <reporter-output>
          </reporter-output>
        </test-method> <!-- afterSuiteConfigMethod -->
      </class> <!-- packagetest.A -->
    </test> <!-- Default test -->
  </suite> <!-- Default suite -->
</testng-results>
