<?xml version="1.0" encoding="UTF-8"?>
<testng-results ignored="8" total="9" passed="1" failed="0" skipped="0">
  <reporter-output>
  </reporter-output>
  <suite started-at="2025-10-25T20:32:05 IST" name="Default suite" finished-at="2025-10-25T20:32:17 IST" duration-ms="12924">
    <groups>
      <group name="smoke">
        <method signature="ManageUnitTest.logout()[pri:0, instance:com.client.SalesInventory.ManageUnit.ManageUnitTest@4e08711f]" name="logout" class="com.client.SalesInventory.ManageUnit.ManageUnitTest"/>
      </group> <!-- smoke -->
    </groups>
    <test started-at="2025-10-25T20:32:05 IST" name="Default test" finished-at="2025-10-25T20:32:17 IST" duration-ms="12924">
      <class name="com.client.SalesInventory.ManageUnit.ManageUnitTest">
        <test-method is-config="true" signature="beforeSuitConfigMethod()[pri:0, instance:com.client.SalesInventory.ManageUnit.ManageUnitTest@4e08711f]" started-at="2025-10-25T20:32:05 IST" name="beforeSuitConfigMethod" finished-at="2025-10-25T20:32:05 IST" duration-ms="30" status="PASS">
          <reporter-output>
          </reporter-output>
        </test-method> <!-- beforeSuitConfigMethod -->
        <test-method is-config="true" signature="beforeClassConfigMethod(org.testng.xml.XmlTest)[pri:0, instance:com.client.SalesInventory.ManageUnit.ManageUnitTest@4e08711f]" started-at="2025-10-25T20:32:05 IST" name="beforeClassConfigMethod" finished-at="2025-10-25T20:32:13 IST" duration-ms="8028" status="PASS">
          <params>
            <param index="0">
              <value>
                <![CDATA[org.testng.xml.XmlTest@b175d155]]>
              </value>
            </param>
          </params>
          <reporter-output>
          </reporter-output>
        </test-method> <!-- beforeClassConfigMethod -->
        <test-method is-config="true" signature="configBM()[pri:0, instance:com.client.SalesInventory.ManageUnit.ManageUnitTest@4e08711f]" started-at="2025-10-25T20:32:13 IST" name="configBM" finished-at="2025-10-25T20:32:14 IST" duration-ms="1160" status="PASS">
          <reporter-output>
          </reporter-output>
        </test-method> <!-- configBM -->
        <test-method signature="logout()[pri:0, instance:com.client.SalesInventory.ManageUnit.ManageUnitTest@4e08711f]" started-at="2025-10-25T20:32:14 IST" name="logout" finished-at="2025-10-25T20:32:15 IST" duration-ms="841" status="PASS">
          <reporter-output>
          </reporter-output>
        </test-method> <!-- logout -->
        <test-method is-config="true" signature="configAM()[pri:0, instance:com.client.SalesInventory.ManageUnit.ManageUnitTest@4e08711f]" started-at="2025-10-25T20:32:15 IST" name="configAM" finished-at="2025-10-25T20:32:17 IST" duration-ms="2214" status="PASS">
          <reporter-output>
          </reporter-output>
        </test-method> <!-- configAM -->
        <test-method is-config="true" signature="afterClassConfigMethod()[pri:0, instance:com.client.SalesInventory.ManageUnit.ManageUnitTest@4e08711f]" started-at="2025-10-25T20:32:17 IST" name="afterClassConfigMethod" finished-at="2025-10-25T20:32:17 IST" duration-ms="565" status="PASS">
          <reporter-output>
          </reporter-output>
        </test-method> <!-- afterClassConfigMethod -->
        <test-method is-config="true" signature="afterSuiteConfigMethod()[pri:0, instance:com.client.SalesInventory.ManageUnit.ManageUnitTest@4e08711f]" started-at="2025-10-25T20:32:18 IST" name="afterSuiteConfigMethod" finished-at="2025-10-25T20:32:18 IST" duration-ms="1" status="PASS">
          <reporter-output>
          </reporter-output>
        </test-method> <!-- afterSuiteConfigMethod -->
      </class> <!-- com.client.SalesInventory.ManageUnit.ManageUnitTest -->
    </test> <!-- Default test -->
  </suite> <!-- Default suite -->
</testng-results>
