<?xml version="1.0" encoding="UTF-8"?>
<testng-results ignored="4" total="5" passed="1" failed="0" skipped="0">
  <reporter-output>
  </reporter-output>
  <suite started-at="2025-10-23T17:43:04 IST" name="Default suite" finished-at="2025-10-23T17:43:17 IST" duration-ms="13394">
    <groups>
      <group name="smoke">
        <method signature="ManageUnitTest.editUnit()[pri:0, instance:com.client.SalesInventory.ManageUnit.ManageUnitTest@3bf7ca37]" name="editUnit" class="com.client.SalesInventory.ManageUnit.ManageUnitTest"/>
      </group> <!-- smoke -->
    </groups>
    <test started-at="2025-10-23T17:43:04 IST" name="Default test" finished-at="2025-10-23T17:43:17 IST" duration-ms="13394">
      <class name="com.client.SalesInventory.ManageUnit.ManageUnitTest">
        <test-method is-config="true" signature="beforeSuitConfigMethod()[pri:0, instance:com.client.SalesInventory.ManageUnit.ManageUnitTest@3bf7ca37]" started-at="2025-10-23T17:43:03 IST" name="beforeSuitConfigMethod" finished-at="2025-10-23T17:43:04 IST" duration-ms="21" status="PASS">
          <reporter-output>
          </reporter-output>
        </test-method> <!-- beforeSuitConfigMethod -->
        <test-method is-config="true" signature="beforeClassConfigMethod(org.testng.xml.XmlTest)[pri:0, instance:com.client.SalesInventory.ManageUnit.ManageUnitTest@3bf7ca37]" started-at="2025-10-23T17:43:04 IST" name="beforeClassConfigMethod" finished-at="2025-10-23T17:43:12 IST" duration-ms="8399" status="PASS">
          <params>
            <param index="0">
              <value>
                <![CDATA[org.testng.xml.XmlTest@3e4b996]]>
              </value>
            </param>
          </params>
          <reporter-output>
          </reporter-output>
        </test-method> <!-- beforeClassConfigMethod -->
        <test-method is-config="true" signature="configBM()[pri:0, instance:com.client.SalesInventory.ManageUnit.ManageUnitTest@3bf7ca37]" started-at="2025-10-23T17:43:12 IST" name="configBM" finished-at="2025-10-23T17:43:13 IST" duration-ms="1113" status="PASS">
          <reporter-output>
          </reporter-output>
        </test-method> <!-- configBM -->
        <test-method signature="editUnit()[pri:0, instance:com.client.SalesInventory.ManageUnit.ManageUnitTest@3bf7ca37]" started-at="2025-10-23T17:43:13 IST" name="editUnit" finished-at="2025-10-23T17:43:16 IST" duration-ms="2684" status="PASS">
          <reporter-output>
          </reporter-output>
        </test-method> <!-- editUnit -->
        <test-method is-config="true" signature="configAM()[pri:0, instance:com.client.SalesInventory.ManageUnit.ManageUnitTest@3bf7ca37]" started-at="2025-10-23T17:43:16 IST" name="configAM" finished-at="2025-10-23T17:43:16 IST" duration-ms="577" status="PASS">
          <reporter-output>
          </reporter-output>
        </test-method> <!-- configAM -->
        <test-method is-config="true" signature="afterClassConfigMethod()[pri:0, instance:com.client.SalesInventory.ManageUnit.ManageUnitTest@3bf7ca37]" started-at="2025-10-23T17:43:16 IST" name="afterClassConfigMethod" finished-at="2025-10-23T17:43:17 IST" duration-ms="529" status="PASS">
          <reporter-output>
          </reporter-output>
        </test-method> <!-- afterClassConfigMethod -->
        <test-method is-config="true" signature="afterSuiteConfigMethod()[pri:0, instance:com.client.SalesInventory.ManageUnit.ManageUnitTest@3bf7ca37]" started-at="2025-10-23T17:43:17 IST" name="afterSuiteConfigMethod" finished-at="2025-10-23T17:43:17 IST" duration-ms="1" status="PASS">
          <reporter-output>
          </reporter-output>
        </test-method> <!-- afterSuiteConfigMethod -->
      </class> <!-- com.client.SalesInventory.ManageUnit.ManageUnitTest -->
    </test> <!-- Default test -->
  </suite> <!-- Default suite -->
</testng-results>
