<?xml version="1.0" encoding="UTF-8"?>
<testng-results ignored="0" total="1" passed="1" failed="0" skipped="0">
  <reporter-output>
  </reporter-output>
  <suite started-at="2025-10-10T15:51:06 IST" name="Default suite" finished-at="2025-10-10T15:51:15 IST" duration-ms="8705">
    <groups>
    </groups>
    <test started-at="2025-10-10T15:51:06 IST" name="Default test" finished-at="2025-10-10T15:51:15 IST" duration-ms="8705">
      <class name="com.client.SalesInventory.Module.SamplAdminTest">
        <test-method is-config="true" signature="beforeSuitConfigMethod()[pri:0, instance:com.client.SalesInventory.Module.SamplAdminTest@1165b38]" started-at="2025-10-10T15:51:06 IST" name="beforeSuitConfigMethod" finished-at="2025-10-10T15:51:06 IST" duration-ms="18" status="PASS">
          <reporter-output>
          </reporter-output>
        </test-method> <!-- beforeSuitConfigMethod -->
        <test-method is-config="true" signature="beforeClassConfigMethod(org.testng.xml.XmlTest)[pri:0, instance:com.client.SalesInventory.Module.SamplAdminTest@1165b38]" started-at="2025-10-10T15:51:06 IST" name="beforeClassConfigMethod" finished-at="2025-10-10T15:51:13 IST" duration-ms="6827" status="PASS">
          <params>
            <param index="0">
              <value>
                <![CDATA[org.testng.xml.XmlTest@92f07392]]>
              </value>
            </param>
          </params>
          <reporter-output>
          </reporter-output>
        </test-method> <!-- beforeClassConfigMethod -->
        <test-method is-config="true" signature="configBM()[pri:0, instance:com.client.SalesInventory.Module.SamplAdminTest@1165b38]" started-at="2025-10-10T15:51:13 IST" name="configBM" finished-at="2025-10-10T15:51:14 IST" duration-ms="747" status="PASS">
          <reporter-output>
          </reporter-output>
        </test-method> <!-- configBM -->
        <test-method signature="SampleTest()[pri:0, instance:com.client.SalesInventory.Module.SamplAdminTest@1165b38]" started-at="2025-10-10T15:51:14 IST" name="SampleTest" finished-at="2025-10-10T15:51:14 IST" duration-ms="23" status="PASS">
          <reporter-output>
          </reporter-output>
        </test-method> <!-- SampleTest -->
        <test-method is-config="true" signature="configAM()[pri:0, instance:com.client.SalesInventory.Module.SamplAdminTest@1165b38]" started-at="2025-10-10T15:51:14 IST" name="configAM" finished-at="2025-10-10T15:51:14 IST" duration-ms="473" status="PASS">
          <reporter-output>
          </reporter-output>
        </test-method> <!-- configAM -->
        <test-method is-config="true" signature="afterClassConfigMethod()[pri:0, instance:com.client.SalesInventory.Module.SamplAdminTest@1165b38]" started-at="2025-10-10T15:51:14 IST" name="afterClassConfigMethod" finished-at="2025-10-10T15:51:15 IST" duration-ms="533" status="PASS">
          <reporter-output>
          </reporter-output>
        </test-method> <!-- afterClassConfigMethod -->
        <test-method is-config="true" signature="afterSuiteConfigMethod()[pri:0, instance:com.client.SalesInventory.Module.SamplAdminTest@1165b38]" started-at="2025-10-10T15:51:15 IST" name="afterSuiteConfigMethod" finished-at="2025-10-10T15:51:15 IST" duration-ms="1" status="PASS">
          <reporter-output>
          </reporter-output>
        </test-method> <!-- afterSuiteConfigMethod -->
      </class> <!-- com.client.SalesInventory.Module.SamplAdminTest -->
    </test> <!-- Default test -->
  </suite> <!-- Default suite -->
</testng-results>
