<?xml version="1.0" encoding="UTF-8"?>
<testng-results ignored="4" total="5" passed="1" failed="0" skipped="0">
  <reporter-output>
  </reporter-output>
  <suite started-at="2025-10-15T18:09:21 IST" name="Default suite" finished-at="2025-10-15T18:09:29 IST" duration-ms="8270">
    <groups>
    </groups>
    <test started-at="2025-10-15T18:09:21 IST" name="Default test" finished-at="2025-10-15T18:09:29 IST" duration-ms="8270">
      <class name="com.client.SalesInventory.Retailer.RetailerProfile">
        <test-method is-config="true" signature="beforeSuitConfigMethod()[pri:0, instance:com.client.SalesInventory.Retailer.RetailerProfile@3857f613]" started-at="2025-10-15T18:09:21 IST" name="beforeSuitConfigMethod" finished-at="2025-10-15T18:09:21 IST" duration-ms="12" status="PASS">
          <reporter-output>
          </reporter-output>
        </test-method> <!-- beforeSuitConfigMethod -->
        <test-method is-config="true" signature="beforeClassConfigMethod(org.testng.xml.XmlTest)[pri:0, instance:com.client.SalesInventory.Retailer.RetailerProfile@3857f613]" started-at="2025-10-15T18:09:21 IST" name="beforeClassConfigMethod" finished-at="2025-10-15T18:09:23 IST" duration-ms="1632" status="PASS">
          <params>
            <param index="0">
              <value>
                <![CDATA[org.testng.xml.XmlTest@c4190eac]]>
              </value>
            </param>
          </params>
          <reporter-output>
          </reporter-output>
        </test-method> <!-- beforeClassConfigMethod -->
        <test-method is-config="true" signature="configBeforeMethod()[pri:0, instance:com.client.SalesInventory.Retailer.RetailerProfile@3857f613]" started-at="2025-10-15T18:09:23 IST" name="configBeforeMethod" finished-at="2025-10-15T18:09:23 IST" duration-ms="468" status="PASS">
          <reporter-output>
          </reporter-output>
        </test-method> <!-- configBeforeMethod -->
        <test-method signature="verifyPostOrderInManufacturer()[pri:0, instance:com.client.SalesInventory.Retailer.RetailerProfile@3857f613]" started-at="2025-10-15T18:09:23 IST" name="verifyPostOrderInManufacturer" finished-at="2025-10-15T18:09:29 IST" duration-ms="5738" status="PASS">
          <reporter-output>
          </reporter-output>
        </test-method> <!-- verifyPostOrderInManufacturer -->
        <test-method is-config="true" signature="configAfterMethod()[pri:0, instance:com.client.SalesInventory.Retailer.RetailerProfile@3857f613]" started-at="2025-10-15T18:09:29 IST" name="configAfterMethod" finished-at="2025-10-15T18:09:29 IST" duration-ms="152" status="PASS">
          <reporter-output>
          </reporter-output>
        </test-method> <!-- configAfterMethod -->
        <test-method is-config="true" signature="afterClassConfigMethod()[pri:0, instance:com.client.SalesInventory.Retailer.RetailerProfile@3857f613]" started-at="2025-10-15T18:09:29 IST" name="afterClassConfigMethod" finished-at="2025-10-15T18:09:29 IST" duration-ms="247" status="PASS">
          <reporter-output>
          </reporter-output>
        </test-method> <!-- afterClassConfigMethod -->
        <test-method is-config="true" signature="afterSuiteConfigMethod()[pri:0, instance:com.client.SalesInventory.Retailer.RetailerProfile@3857f613]" started-at="2025-10-15T18:09:29 IST" name="afterSuiteConfigMethod" finished-at="2025-10-15T18:09:29 IST" duration-ms="0" status="PASS">
          <reporter-output>
          </reporter-output>
        </test-method> <!-- afterSuiteConfigMethod -->
      </class> <!-- com.client.SalesInventory.Retailer.RetailerProfile -->
    </test> <!-- Default test -->
  </suite> <!-- Default suite -->
</testng-results>
