<?xml version="1.0" encoding="UTF-8"?>
<testng-results ignored="4" total="5" passed="1" failed="0" skipped="0">
  <reporter-output>
  </reporter-output>
  <suite started-at="2025-10-14T12:04:33 IST" name="Default suite" finished-at="2025-10-14T12:04:46 IST" duration-ms="13568">
    <groups>
      <group name="regression">
        <method signature="AddProductTest.checkAddedProduct()[pri:0, instance:com.client.SalesInventory.Addproduct.AddProductTest@302552ec]" name="checkAddedProduct" class="com.client.SalesInventory.Addproduct.AddProductTest"/>
      </group> <!-- regression -->
    </groups>
    <test started-at="2025-10-14T12:04:33 IST" name="Default test" finished-at="2025-10-14T12:04:46 IST" duration-ms="13568">
      <class name="com.client.SalesInventory.Addproduct.AddProductTest">
        <test-method is-config="true" signature="beforeSuitConfigMethod()[pri:0, instance:com.client.SalesInventory.Addproduct.AddProductTest@302552ec]" started-at="2025-10-14T12:04:33 IST" name="beforeSuitConfigMethod" finished-at="2025-10-14T12:04:33 IST" duration-ms="14" status="PASS">
          <reporter-output>
          </reporter-output>
        </test-method> <!-- beforeSuitConfigMethod -->
        <test-method is-config="true" signature="beforeClassConfigMethod(org.testng.xml.XmlTest)[pri:0, instance:com.client.SalesInventory.Addproduct.AddProductTest@302552ec]" started-at="2025-10-14T12:04:33 IST" name="beforeClassConfigMethod" finished-at="2025-10-14T12:04:41 IST" duration-ms="7814" status="PASS">
          <params>
            <param index="0">
              <value>
                <![CDATA[org.testng.xml.XmlTest@558c9ba6]]>
              </value>
            </param>
          </params>
          <reporter-output>
          </reporter-output>
        </test-method> <!-- beforeClassConfigMethod -->
        <test-method is-config="true" signature="configBM()[pri:0, instance:com.client.SalesInventory.Addproduct.AddProductTest@302552ec]" started-at="2025-10-14T12:04:41 IST" name="configBM" finished-at="2025-10-14T12:04:42 IST" duration-ms="1323" status="PASS">
          <reporter-output>
          </reporter-output>
        </test-method> <!-- configBM -->
        <test-method signature="checkAddedProduct()[pri:0, instance:com.client.SalesInventory.Addproduct.AddProductTest@302552ec]" started-at="2025-10-14T12:04:42 IST" name="checkAddedProduct" finished-at="2025-10-14T12:04:46 IST" duration-ms="3668" status="PASS">
          <reporter-output>
          </reporter-output>
        </test-method> <!-- checkAddedProduct -->
        <test-method is-config="true" signature="configAM()[pri:0, instance:com.client.SalesInventory.Addproduct.AddProductTest@302552ec]" started-at="2025-10-14T12:04:46 IST" name="configAM" finished-at="2025-10-14T12:04:46 IST" duration-ms="258" status="PASS">
          <reporter-output>
          </reporter-output>
        </test-method> <!-- configAM -->
        <test-method is-config="true" signature="afterClassConfigMethod()[pri:0, instance:com.client.SalesInventory.Addproduct.AddProductTest@302552ec]" started-at="2025-10-14T12:04:46 IST" name="afterClassConfigMethod" finished-at="2025-10-14T12:04:46 IST" duration-ms="414" status="PASS">
          <reporter-output>
          </reporter-output>
        </test-method> <!-- afterClassConfigMethod -->
        <test-method is-config="true" signature="afterSuiteConfigMethod()[pri:0, instance:com.client.SalesInventory.Addproduct.AddProductTest@302552ec]" started-at="2025-10-14T12:04:46 IST" name="afterSuiteConfigMethod" finished-at="2025-10-14T12:04:46 IST" duration-ms="1" status="PASS">
          <reporter-output>
          </reporter-output>
        </test-method> <!-- afterSuiteConfigMethod -->
      </class> <!-- com.client.SalesInventory.Addproduct.AddProductTest -->
    </test> <!-- Default test -->
  </suite> <!-- Default suite -->
</testng-results>
