<?xml version="1.0" encoding="UTF-8"?>
<!-- Generated by org.testng.reporters.JUnitXMLReporter -->
<testsuite ignored="4" hostname="DESKTOP-9P6IIEM" failures="0" tests="1" name="Default test" time="8.27" errors="0" timestamp="2025-10-15T18:09:29 IST">
  <testcase classname="com.client.SalesInventory.Retailer.RetailerProfile" name="verifyPostOrderInManufacturer" time="5.738"/>
  <testcase classname="com.client.SalesInventory.Retailer.RetailerProfile" name="verifyPostOrderInAdminOrders" time="0.0">
    <ignored/>
  </testcase> <!-- verifyPostOrderInAdminOrders -->
  <testcase classname="com.client.SalesInventory.Retailer.RetailerProfile" name="searchOrdersbyDate" time="0.0">
    <ignored/>
  </testcase> <!-- searchOrdersbyDate -->
  <testcase classname="com.client.SalesInventory.Retailer.RetailerProfile" name="verifyPostOrderDetailsInHomePage" time="0.0">
    <ignored/>
  </testcase> <!-- verifyPostOrderDetailsInHomePage -->
  <testcase classname="com.client.SalesInventory.Retailer.RetailerProfile" name="verifyTotalPriceInNewOrder" time="0.0">
    <ignored/>
  </testcase> <!-- verifyTotalPriceInNewOrder -->
</testsuite> <!-- Default test -->
