<?xml version="1.0" encoding="UTF-8"?>
<!-- Generated by org.testng.reporters.JUnitXMLReporter -->
<testsuite ignored="0" hostname="DESKTOP-9P6IIEM" failures="0" tests="6" name="Default test" time="13.605" errors="0" timestamp="2025-10-11T11:44:02 IST">
  <testcase classname="com.client.SalesInventory.Login.LoginToApp" name="loginAsAdmin" time="1.275"/>
  <testcase classname="com.client.SalesInventory.Login.LoginToApp" name="loginAsAdminWithWrongPswd" time="2.56"/>
  <testcase classname="com.client.SalesInventory.Login.LoginToApp" name="loginAsRetailer" time="1.047"/>
  <testcase classname="com.client.SalesInventory.Login.LoginToApp" name="loginAsRetailerWithWrongPswd" time="2.633"/>
  <testcase classname="com.client.SalesInventory.Login.LoginToApp" name="loginToManufacturer" time="0.896"/>
  <testcase classname="com.client.SalesInventory.Login.LoginToApp" name="loginToManufacturerWithWrongPswd" time="2.598"/>
</testsuite> <!-- Default test -->
