<?xml version="1.0" encoding="UTF-8"?>
<!-- Generated by org.testng.reporters.JUnitXMLReporter -->
<testsuite ignored="0" hostname="DESKTOP-9P6IIEM" failures="0" tests="3" name="Default test" time="10.432" errors="0" timestamp="2025-10-10T17:53:14 IST">
  <testcase classname="com.client.SalesInventory.Login.LoginToApp" name="loginAsAdmin" time="1.147"/>
  <testcase classname="com.client.SalesInventory.Login.LoginToApp" name="loginAsRetailer" time="3.061"/>
  <testcase classname="com.client.SalesInventory.Login.LoginToApp" name="loginToManufacturer" time="3.147"/>
</testsuite> <!-- Default test -->
