<?xml version="1.0" encoding="UTF-8"?>
<!-- Generated by org.testng.reporters.JUnitXMLReporter -->
<testsuite ignored="8" hostname="DESKTOP-AD0OTFU" failures="0" tests="1" name="Default test" time="12.924" errors="0" timestamp="2025-10-25T20:32:18 IST">
  <testcase classname="com.client.SalesInventory.ManageUnit.ManageUnitTest" name="logout" time="0.841"/>
  <testcase classname="com.client.SalesInventory.ManageUnit.ManageUnitTest" name="verifingUnitInAddProduct" time="0.0">
    <ignored/>
  </testcase> <!-- verifingUnitInAddProduct -->
  <testcase classname="com.client.SalesInventory.ManageUnit.ManageUnitTest" name="manageUnitWithoutDetails" time="0.0">
    <ignored/>
  </testcase> <!-- manageUnitWithoutDetails -->
  <testcase classname="com.client.SalesInventory.ManageUnit.ManageUnitTest" name="editUnit" time="0.0">
    <ignored/>
  </testcase> <!-- editUnit -->
  <testcase classname="com.client.SalesInventory.ManageUnit.ManageUnitTest" name="deleteAddedUnit" time="0.0">
    <ignored/>
  </testcase> <!-- deleteAddedUnit -->
  <testcase classname="com.client.SalesInventory.ManageUnit.ManageUnitTest" name="verifypage" time="0.0">
    <ignored/>
  </testcase> <!-- verifypage -->
  <testcase classname="com.client.SalesInventory.ManageUnit.ManageUnitTest" name="verifingUnitInManufacturer" time="0.0">
    <ignored/>
  </testcase> <!-- verifingUnitInManufacturer -->
  <testcase classname="com.client.SalesInventory.ManageUnit.ManageUnitTest" name="addUnit" time="0.0">
    <ignored/>
  </testcase> <!-- addUnit -->
  <testcase classname="com.client.SalesInventory.ManageUnit.ManageUnitTest" name="deleteUnit" time="0.0">
    <ignored/>
  </testcase> <!-- deleteUnit -->
</testsuite> <!-- Default test -->
