<?xml version="1.0" encoding="UTF-8"?>
<!-- Generated by org.testng.reporters.JUnitXMLReporter -->
<testsuite ignored="4" hostname="DESKTOP-AD0OTFU" failures="0" tests="1" name="Default test" time="13.394" errors="0" timestamp="2025-10-23T17:43:17 IST">
  <testcase classname="com.client.SalesInventory.ManageUnit.ManageUnitTest" name="editUnit" time="2.684"/>
  <testcase classname="com.client.SalesInventory.ManageUnit.ManageUnitTest" name="deleteUnit" time="0.0">
    <ignored/>
  </testcase> <!-- deleteUnit -->
  <testcase classname="com.client.SalesInventory.ManageUnit.ManageUnitTest" name="manageTest" time="0.0">
    <ignored/>
  </testcase> <!-- manageTest -->
  <testcase classname="com.client.SalesInventory.ManageUnit.ManageUnitTest" name="manageUnitWithoutDetails" time="0.0">
    <ignored/>
  </testcase> <!-- manageUnitWithoutDetails -->
  <testcase classname="com.client.SalesInventory.ManageUnit.ManageUnitTest" name="deleteAddedUnit" time="0.0">
    <ignored/>
  </testcase> <!-- deleteAddedUnit -->
</testsuite> <!-- Default test -->
