<?xml version="1.0" encoding="UTF-8"?>
<!-- Generated by org.testng.reporters.JUnitXMLReporter -->
<testsuite ignored="3" hostname="DESKTOP-9P6IIEM" failures="0" tests="1" name="Default test" time="8.887" errors="0" timestamp="2025-10-14T18:03:59 IST">
  <testcase classname="com.client.SalesInventory.Retailer.RetailerProfile" name="verifyTotalPriceInNewOrder" time="5.375"/>
  <testcase classname="com.client.SalesInventory.Retailer.RetailerProfile" name="verifyPostOrderDetailsInHomePage" time="0.0">
    <ignored/>
  </testcase> <!-- verifyPostOrderDetailsInHomePage -->
  <testcase classname="com.client.SalesInventory.Retailer.RetailerProfile" name="verifyPostOrderInAdminOrders" time="0.0">
    <ignored/>
  </testcase> <!-- verifyPostOrderInAdminOrders -->
  <testcase classname="com.client.SalesInventory.Retailer.RetailerProfile" name="searchOrdersbyDate" time="0.0">
    <ignored/>
  </testcase> <!-- searchOrdersbyDate -->
</testsuite> <!-- Default test -->
