<?xml version="1.0" encoding="UTF-8"?>
<!-- Generated by org.testng.reporters.JUnitXMLReporter -->
<testsuite ignored="4" hostname="DESKTOP-AD0OTFU" failures="0" tests="1" name="Default test" time="13.568" errors="0" timestamp="2025-10-14T12:04:46 IST">
  <testcase classname="com.client.SalesInventory.Addproduct.AddProductTest" name="checkAddedProduct" time="3.668"/>
  <testcase classname="com.client.SalesInventory.Addproduct.AddProductTest" name="logoutFromProductPage" time="0.0">
    <ignored/>
  </testcase> <!-- logoutFromProductPage -->
  <testcase classname="com.client.SalesInventory.Addproduct.AddProductTest" name="productPageDisplay" time="0.0">
    <ignored/>
  </testcase> <!-- productPageDisplay -->
  <testcase classname="com.client.SalesInventory.Addproduct.AddProductTest" name="addProductTest" time="0.0">
    <ignored/>
  </testcase> <!-- addProductTest -->
  <testcase classname="com.client.SalesInventory.Addproduct.AddProductTest" name="addproductWithoutdesc" time="0.0">
    <ignored/>
  </testcase> <!-- addproductWithoutdesc -->
</testsuite> <!-- Default test -->
